[10-Apr-2015 13:05:03 America/Chicago] mail() on [/ibm/www/cct6/classes/cct6_email_spool.php:2197]: To: David Probert <David.B.Probert@centurylink.com> -- Headers: From: Tory Lehr <tlehr@us.ibm.com>  Reply-To: Tory Lehr <tlehr@us.ibm.com>  MIME-Version: 1.0  Content-Type: text/html; charset=ISO-8859-1
[10-Apr-2015 13:05:03 America/Chicago] mail() on [/ibm/www/cct6/classes/cct6_email_spool.php:2197]: To: David Byrne <David.M.Byrne@centurylink.com> -- Headers: From: Tory Lehr <tlehr@us.ibm.com>  Reply-To: Tory Lehr <tlehr@us.ibm.com>  MIME-Version: 1.0  Content-Type: text/html; charset=ISO-8859-1
[10-Apr-2015 13:05:03 America/Chicago] mail() on [/ibm/www/cct6/classes/cct6_email_spool.php:2197]: To: Jeff Jenkins <Jeff.Jenkins@centurylink.com> -- Headers: From: Tory Lehr <tlehr@us.ibm.com>  Reply-To: Tory Lehr <tlehr@us.ibm.com>  MIME-Version: 1.0  Content-Type: text/html; charset=ISO-8859-1
[10-Apr-2015 13:05:04 America/Chicago] mail() on [/ibm/www/cct6/classes/cct6_email_spool.php:2197]: To: Scott Hill <Scott.A.Hill@centurylink.com> -- Headers: From: Tory Lehr <tlehr@us.ibm.com>  Reply-To: Tory Lehr <tlehr@us.ibm.com>  MIME-Version: 1.0  Content-Type: text/html; charset=ISO-8859-1
[10-Apr-2015 13:05:04 America/Chicago] mail() on [/ibm/www/cct6/classes/cct6_email_spool.php:2197]: To: David Cheng <David.X.Cheng@centurylink.com> -- Headers: From: Tory Lehr <tlehr@us.ibm.com>  Reply-To: Tory Lehr <tlehr@us.ibm.com>  MIME-Version: 1.0  Content-Type: text/html; charset=ISO-8859-1
[10-Apr-2015 13:05:04 America/Chicago] mail() on [/ibm/www/cct6/classes/cct6_email_spool.php:2197]: To: Pranab Jena <Pranab.Jena@CenturyLink.com> -- Headers: From: Tory Lehr <tlehr@us.ibm.com>  Reply-To: Tory Lehr <tlehr@us.ibm.com>  MIME-Version: 1.0  Content-Type: text/html; charset=ISO-8859-1
[10-Apr-2015 13:05:04 America/Chicago] mail() on [/ibm/www/cct6/classes/cct6_email_spool.php:2197]: To: Venkata Tungala <vtungala@us.ibm.com> -- Headers: From: Tory Lehr <tlehr@us.ibm.com>  Reply-To: Tory Lehr <tlehr@us.ibm.com>  MIME-Version: 1.0  Content-Type: text/html; charset=ISO-8859-1
[10-Apr-2015 13:05:04 America/Chicago] mail() on [/ibm/www/cct6/classes/cct6_email_spool.php:2197]: To: Alok Ranjan <Alok.Ranjan@CenturyLink.com> -- Headers: From: Tory Lehr <tlehr@us.ibm.com>  Reply-To: Tory Lehr <tlehr@us.ibm.com>  MIME-Version: 1.0  Content-Type: text/html; charset=ISO-8859-1
[10-Apr-2015 13:05:04 America/Chicago] mail() on [/ibm/www/cct6/classes/cct6_email_spool.php:2197]: To: Aldi Martinez <Aldi.Martinez@CenturyLink.com> -- Headers: From: Tory Lehr <tlehr@us.ibm.com>  Reply-To: Tory Lehr <tlehr@us.ibm.com>  MIME-Version: 1.0  Content-Type: text/html; charset=ISO-8859-1
[10-Apr-2015 13:05:04 America/Chicago] mail() on [/ibm/www/cct6/classes/cct6_email_spool.php:2197]: To: Basawaraj Tonshalli <Basawaraj.Tonshalli@CenturyLink.com> -- Headers: From: Tory Lehr <tlehr@us.ibm.com>  Reply-To: Tory Lehr <tlehr@us.ibm.com>  MIME-Version: 1.0  Content-Type: text/html; charset=ISO-8859-1
[10-Apr-2015 13:05:04 America/Chicago] mail() on [/ibm/www/cct6/classes/cct6_email_spool.php:2197]: To: Deepa Chidambaram Rajan <Deepa.ChidambaramRajan@CenturyLink.com> -- Headers: From: Tory Lehr <tlehr@us.ibm.com>  Reply-To: Tory Lehr <tlehr@us.ibm.com>  MIME-Version: 1.0  Content-Type: text/html; charset=ISO-8859-1
[10-Apr-2015 13:05:04 America/Chicago] mail() on [/ibm/www/cct6/classes/cct6_email_spool.php:2197]: To: Dotnet Lead <> -- Headers: From: Tory Lehr <tlehr@us.ibm.com>  Reply-To: Tory Lehr <tlehr@us.ibm.com>  MIME-Version: 1.0  Content-Type: text/html; charset=ISO-8859-1
[10-Apr-2015 13:05:04 America/Chicago] mail() on [/ibm/www/cct6/classes/cct6_email_spool.php:2197]: To: Diana Weddle <Diana.Weddle@CenturyLink.com> -- Headers: From: Tory Lehr <tlehr@us.ibm.com>  Reply-To: Tory Lehr <tlehr@us.ibm.com>  MIME-Version: 1.0  Content-Type: text/html; charset=ISO-8859-1
[10-Apr-2015 13:05:04 America/Chicago] mail() on [/ibm/www/cct6/classes/cct6_email_spool.php:2197]: To: James Thomas <James.Thomas@CenturyLink.com> -- Headers: From: Tory Lehr <tlehr@us.ibm.com>  Reply-To: Tory Lehr <tlehr@us.ibm.com>  MIME-Version: 1.0  Content-Type: text/html; charset=ISO-8859-1
[10-Apr-2015 13:05:04 America/Chicago] mail() on [/ibm/www/cct6/classes/cct6_email_spool.php:2197]: To: Kelley Goens <Kelley.Goens@CenturyLink.com> -- Headers: From: Tory Lehr <tlehr@us.ibm.com>  Reply-To: Tory Lehr <tlehr@us.ibm.com>  MIME-Version: 1.0  Content-Type: text/html; charset=ISO-8859-1
[10-Apr-2015 13:05:04 America/Chicago] mail() on [/ibm/www/cct6/classes/cct6_email_spool.php:2197]: To: Mary Corritore Vargas <mcorvar@us.ibm.com> -- Headers: From: Tory Lehr <tlehr@us.ibm.com>  Reply-To: Tory Lehr <tlehr@us.ibm.com>  MIME-Version: 1.0  Content-Type: text/html; charset=ISO-8859-1
[10-Apr-2015 13:05:05 America/Chicago] mail() on [/ibm/www/cct6/classes/cct6_email_spool.php:2197]: To: Ramona Buschman <rbuschma@us.ibm.com> -- Headers: From: Tory Lehr <tlehr@us.ibm.com>  Reply-To: Tory Lehr <tlehr@us.ibm.com>  MIME-Version: 1.0  Content-Type: text/html; charset=ISO-8859-1
[10-Apr-2015 13:05:05 America/Chicago] mail() on [/ibm/www/cct6/classes/cct6_email_spool.php:2197]: To: Leslie Shannon <Brian.Shannon@CenturyLink.com> -- Headers: From: Tory Lehr <tlehr@us.ibm.com>  Reply-To: Tory Lehr <tlehr@us.ibm.com>  MIME-Version: 1.0  Content-Type: text/html; charset=ISO-8859-1
[10-Apr-2015 13:05:05 America/Chicago] mail() on [/ibm/www/cct6/classes/cct6_email_spool.php:2197]: To: Steve Stapp <Steve.Stapp@CenturyLink.com> -- Headers: From: Tory Lehr <tlehr@us.ibm.com>  Reply-To: Tory Lehr <tlehr@us.ibm.com>  MIME-Version: 1.0  Content-Type: text/html; charset=ISO-8859-1
[10-Apr-2015 13:05:05 America/Chicago] mail() on [/ibm/www/cct6/classes/cct6_email_spool.php:2197]: To: Farrell Semmes <farrell.semmes@centurylink.com> -- Headers: From: Tory Lehr <tlehr@us.ibm.com>  Reply-To: Tory Lehr <tlehr@us.ibm.com>  MIME-Version: 1.0  Content-Type: text/html; charset=ISO-8859-1
[10-Apr-2015 13:05:05 America/Chicago] mail() on [/ibm/www/cct6/classes/cct6_email_spool.php:2197]: To: Venkat Maddala <Venkata.Maddala@Centurylink.com> -- Headers: From: Tory Lehr <tlehr@us.ibm.com>  Reply-To: Tory Lehr <tlehr@us.ibm.com>  MIME-Version: 1.0  Content-Type: text/html; charset=ISO-8859-1
