Starting: make_computer_status.php at 02/23/17 18:19:52
==========================================================================================================================
hostname: lxomp47x

Running: /db/oracle/product/12102_64/bin/sqlplus cct/candy4Kids @/opt/ibmtools/cct7/bin/sql/cct7_computer_status.sql
 
SQL*Plus: Release 12.1.0.2.0 Production on Thu Feb 23 11:19:53 2017 
 
Copyright (c) 1982, 2014, Oracle. All rights reserved. 
 
Last Successful login time: Thu Feb 23 2017 11:19:14 -06:00 
 
Connected to: 
Oracle Database 12c Enterprise Edition Release 12.1.0.2.0 - 64bit Production 
With the Partitioning, OLAP, Advanced Analytics and Real Application Testing options 
 
SQL> 
SQL> delete from cct7_computer_status; 
 
13 rows deleted. 
 
SQL> 
SQL> insert into cct7_computer_status ( computer_status ) 
 2 select distinct 
 3 computer_status 
 4 from 
 5 cct7_computers; 
 
13 rows created. 
 
SQL> 
SQL> commit; 
 
Commit complete. 
 
SQL> quit; 
Disconnected from Oracle Database 12c Enterprise Edition Release 12.1.0.2.0 - 64bit Production 
With the Partitioning, OLAP, Advanced Analytics and Real Application Testing options 

All done!
?>
==========================================================================================================================
 Program: make_computer_status.php
   START: 02/23/17 18:19:52
     END: 02/23/17 18:19:53
Duration: 00:00:01
