This file contains any messages produced by compilers while
running configure, to aid debugging if configure makes a mistake.

It was created by configure, which was
generated by GNU Autoconf 2.59.  Invocation command line was

  $ configure --with-php-config=/ibm/apache/php/bin/php-config

## --------- ##
## Platform. ##
## --------- ##

hostname = lxomp11m
uname -m = x86_64
uname -r = 2.6.18-371.1.2.el5
uname -s = Linux
uname -v = #1 SMP Mon Oct 7 16:34:35 EDT 2013

/usr/bin/uname -p = unknown
/bin/uname -X     = unknown

/bin/arch              = x86_64
/usr/bin/arch -k       = unknown
/usr/convex/getsysinfo = unknown
hostinfo               = unknown
/bin/machine           = unknown
/usr/bin/oslevel       = unknown
/bin/universe          = unknown

PATH: .
PATH: /usr/sbin
PATH: /opt/dbms/oracle/product/ora10204_64/bin
PATH: /opt/dbms/oracle/product/ora10204_64/Apache/Apache/bin
PATH: /usr/bin
PATH: /etc
PATH: /usr/sbin
PATH: /usr/ccs/bin
PATH: /usr/ucb
PATH: /usr/local/bin
PATH: /bin
PATH: /usr/bin
PATH: /usr/X11R6/bin
PATH: .
PATH: /sbin
PATH: /home/root
PATH: /usr/local/bin
PATH: /opt/perf/bin
PATH: /opt/admin/xuss
PATH: /usr/contrib/bin
PATH: /opt/java1.3/bin
PATH: /opt/data_collect/bin
PATH: /opt/dbms/home/oramits/bin
PATH: /opt/netscape
PATH: /ibm/mysql/bin
PATH: /ibm/bin
PATH: /opt/dbms/bin
PATH: /opt/hpws/apache/php/bin
PATH: /ibm/bin
PATH: /usr/local/mysql/bin
PATH: /usr/local/bin
PATH: /ibm/java/jdk1.6.0_23/bin
PATH: /u/gparkin/bin
PATH: /usr/X11R6/bin
PATH: /ibm/apache-maven-3.0.3/bin


## ----------- ##
## Core tests. ##
## ----------- ##

configure:1466: checking for egrep
configure:1476: result: grep -E
configure:1481: checking for a sed that does not truncate output
configure:1535: result: /bin/sed
configure:1665: checking for cc
configure:1681: found /usr/bin/cc
configure:1691: result: cc
configure:1712: checking for C compiler version
configure:1715: cc --version </dev/null >&5
cc (GCC) 4.1.2 20080704 (Red Hat 4.1.2-54)
Copyright (C) 2006 Free Software Foundation, Inc.
This is free software; see the source for copying conditions.  There is NO
warranty; not even for MERCHANTABILITY or FITNESS FOR A PARTICULAR PURPOSE.

configure:1718: $? = 0
configure:1720: cc -v </dev/null >&5
Using built-in specs.
Target: x86_64-redhat-linux
Configured with: ../configure --prefix=/usr --mandir=/usr/share/man --infodir=/usr/share/info --enable-shared --enable-threads=posix --enable-checking=release --with-system-zlib --enable-__cxa_atexit --disable-libunwind-exceptions --enable-libgcj-multifile --enable-languages=c,c++,objc,obj-c++,java,fortran,ada --enable-java-awt=gtk --disable-dssi --disable-plugin --with-java-home=/usr/lib/jvm/java-1.4.2-gcj-1.4.2.0/jre --with-cpu=generic --host=x86_64-redhat-linux
Thread model: posix
gcc version 4.1.2 20080704 (Red Hat 4.1.2-54)
configure:1723: $? = 0
configure:1725: cc -V </dev/null >&5
cc: '-V' option must have argument
configure:1728: $? = 1
configure:1751: checking for C compiler default output file name
configure:1754: cc    conftest.c  >&5
configure:1757: $? = 0
configure:1803: result: a.out
configure:1808: checking whether the C compiler works
configure:1814: ./a.out
configure:1817: $? = 0
configure:1834: result: yes
configure:1841: checking whether we are cross compiling
configure:1843: result: no
configure:1846: checking for suffix of executables
configure:1848: cc -o conftest    conftest.c  >&5
configure:1851: $? = 0
configure:1876: result: 
configure:1882: checking for suffix of object files
configure:1903: cc -c   conftest.c >&5
configure:1906: $? = 0
configure:1928: result: o
configure:1932: checking whether we are using the GNU C compiler
configure:1956: cc -c   conftest.c >&5
configure:1962: $? = 0
configure:1966: test -z 
			 || test ! -s conftest.err
configure:1969: $? = 0
configure:1972: test -s conftest.o
configure:1975: $? = 0
configure:1988: result: yes
configure:1994: checking whether cc accepts -g
configure:2015: cc -c -g  conftest.c >&5
configure:2021: $? = 0
configure:2025: test -z 
			 || test ! -s conftest.err
configure:2028: $? = 0
configure:2031: test -s conftest.o
configure:2034: $? = 0
configure:2045: result: yes
configure:2062: checking for cc option to accept ANSI C
configure:2132: cc  -c -g -O2  conftest.c >&5
configure:2138: $? = 0
configure:2142: test -z 
			 || test ! -s conftest.err
configure:2145: $? = 0
configure:2148: test -s conftest.o
configure:2151: $? = 0
configure:2169: result: none needed
configure:2187: cc -c -g -O2  conftest.c >&5
conftest.c:2: error: expected '=', ',', ';', 'asm' or '__attribute__' before 'me'
configure:2193: $? = 1
configure: failed program was:
| #ifndef __cplusplus
|   choke me
| #endif
configure:2332: checking how to run the C preprocessor
configure:2367: cc -E  conftest.c
configure:2373: $? = 0
configure:2405: cc -E  conftest.c
conftest.c:9:28: error: ac_nonexistent.h: No such file or directory
configure:2411: $? = 1
configure: failed program was:
| /* confdefs.h.  */
| 
| #define PACKAGE_NAME ""
| #define PACKAGE_TARNAME ""
| #define PACKAGE_VERSION ""
| #define PACKAGE_STRING ""
| #define PACKAGE_BUGREPORT ""
| /* end confdefs.h.  */
| #include <ac_nonexistent.h>
configure:2450: result: cc -E
configure:2474: cc -E  conftest.c
configure:2480: $? = 0
configure:2512: cc -E  conftest.c
conftest.c:9:28: error: ac_nonexistent.h: No such file or directory
configure:2518: $? = 1
configure: failed program was:
| /* confdefs.h.  */
| 
| #define PACKAGE_NAME ""
| #define PACKAGE_TARNAME ""
| #define PACKAGE_VERSION ""
| #define PACKAGE_STRING ""
| #define PACKAGE_BUGREPORT ""
| /* end confdefs.h.  */
| #include <ac_nonexistent.h>
configure:2564: checking for icc
configure:2577: result: no
configure:2591: checking for suncc
configure:2604: result: no
configure:2622: checking whether cc understands -c and -o together
configure:2649: cc -c conftest.c -o conftest.o >&5
configure:2652: $? = 0
configure:2654: cc -c conftest.c -o conftest.o >&5
configure:2657: $? = 0
configure:2696: result: yes
configure:2712: checking for system library directory
configure:2727: result: lib
configure:2734: checking if compiler supports -R
configure:2758: cc -o conftest -g -O2   conftest.c -R /usr/lib  >&5
cc: unrecognized option '-R'
/usr/lib: file not recognized: Is a directory
collect2: ld returned 1 exit status
configure:2764: $? = 1
configure: failed program was:
| /* confdefs.h.  */
| 
| #define PACKAGE_NAME ""
| #define PACKAGE_TARNAME ""
| #define PACKAGE_VERSION ""
| #define PACKAGE_STRING ""
| #define PACKAGE_BUGREPORT ""
| /* end confdefs.h.  */
| 
| int
| main ()
| {
| 
|   ;
|   return 0;
| }
configure:2791: result: no
configure:2796: checking if compiler supports -Wl,-rpath,
configure:2820: cc -o conftest -g -O2   conftest.c -Wl,-rpath,/usr/lib  >&5
configure:2826: $? = 0
configure:2830: test -z 
			 || test ! -s conftest.err
configure:2833: $? = 0
configure:2836: test -s conftest
configure:2839: $? = 0
configure:2853: result: yes
configure:2896: checking build system type
configure:2914: result: x86_64-unknown-linux-gnu
configure:2922: checking host system type
configure:2936: result: x86_64-unknown-linux-gnu
configure:2944: checking target system type
configure:2958: result: x86_64-unknown-linux-gnu
configure:3053: checking for PHP prefix
configure:3055: result: /ibm/apache/php
configure:3057: checking for PHP includes
configure:3059: result: -I/ibm/apache/php/include/php -I/ibm/apache/php/include/php/main -I/ibm/apache/php/include/php/TSRM -I/ibm/apache/php/include/php/Zend -I/ibm/apache/php/include/php/ext -I/ibm/apache/php/include/php/ext/date/lib
configure:3061: checking for PHP extension directory
configure:3063: result: /ibm/apache/php/lib/php/extensions/no-debug-non-zts-20121212
configure:3065: checking for PHP installed headers prefix
configure:3067: result: /ibm/apache/php/include/php
configure:3070: checking if debug is enabled
configure:3100: result: no
configure:3103: checking if zts is enabled
configure:3133: result: no
configure:3204: checking for re2c
configure:3233: result: no
configure:3257: WARNING: You will need re2c 0.13.4 or later if you want to regenerate PHP parsers.
configure:3271: checking for gawk
configure:3288: found /usr/bin/gawk
configure:3298: result: gawk
configure:3345: checking whether to enable mailparse support
configure:3384: result: yes, shared
configure:3793: checking for ld used by cc
configure:3860: result: /usr/bin/ld
configure:3869: checking if the linker (/usr/bin/ld) is GNU ld
configure:3884: result: yes
configure:3889: checking for /usr/bin/ld option to reload object files
configure:3896: result: -r
configure:3914: checking for BSD-compatible nm
configure:3963: result: /usr/bin/nm -B
configure:3967: checking whether ln -s works
configure:3971: result: yes
configure:3978: checking how to recognize dependent libraries
configure:4164: result: pass_all
configure:4249: cc -c -g -O2  conftest.c >&5
configure:4252: $? = 0
configure:4405: checking for ANSI C header files
configure:4430: cc -c -g -O2  conftest.c >&5
configure:4436: $? = 0
configure:4440: test -z 
			 || test ! -s conftest.err
configure:4443: $? = 0
configure:4446: test -s conftest.o
configure:4449: $? = 0
configure:4538: cc -o conftest -g -O2   conftest.c  >&5
conftest.c: In function 'main':
conftest.c:27: warning: incompatible implicit declaration of built-in function 'exit'
configure:4541: $? = 0
configure:4543: ./conftest
configure:4546: $? = 0
configure:4561: result: yes
configure:4585: checking for sys/types.h
configure:4601: cc -c -g -O2  conftest.c >&5
configure:4607: $? = 0
configure:4611: test -z 
			 || test ! -s conftest.err
configure:4614: $? = 0
configure:4617: test -s conftest.o
configure:4620: $? = 0
configure:4631: result: yes
configure:4585: checking for sys/stat.h
configure:4601: cc -c -g -O2  conftest.c >&5
configure:4607: $? = 0
configure:4611: test -z 
			 || test ! -s conftest.err
configure:4614: $? = 0
configure:4617: test -s conftest.o
configure:4620: $? = 0
configure:4631: result: yes
configure:4585: checking for stdlib.h
configure:4601: cc -c -g -O2  conftest.c >&5
configure:4607: $? = 0
configure:4611: test -z 
			 || test ! -s conftest.err
configure:4614: $? = 0
configure:4617: test -s conftest.o
configure:4620: $? = 0
configure:4631: result: yes
configure:4585: checking for string.h
configure:4601: cc -c -g -O2  conftest.c >&5
configure:4607: $? = 0
configure:4611: test -z 
			 || test ! -s conftest.err
configure:4614: $? = 0
configure:4617: test -s conftest.o
configure:4620: $? = 0
configure:4631: result: yes
configure:4585: checking for memory.h
configure:4601: cc -c -g -O2  conftest.c >&5
configure:4607: $? = 0
configure:4611: test -z 
			 || test ! -s conftest.err
configure:4614: $? = 0
configure:4617: test -s conftest.o
configure:4620: $? = 0
configure:4631: result: yes
configure:4585: checking for strings.h
configure:4601: cc -c -g -O2  conftest.c >&5
configure:4607: $? = 0
configure:4611: test -z 
			 || test ! -s conftest.err
configure:4614: $? = 0
configure:4617: test -s conftest.o
configure:4620: $? = 0
configure:4631: result: yes
configure:4585: checking for inttypes.h
configure:4601: cc -c -g -O2  conftest.c >&5
configure:4607: $? = 0
configure:4611: test -z 
			 || test ! -s conftest.err
configure:4614: $? = 0
configure:4617: test -s conftest.o
configure:4620: $? = 0
configure:4631: result: yes
configure:4585: checking for stdint.h
configure:4601: cc -c -g -O2  conftest.c >&5
configure:4607: $? = 0
configure:4611: test -z 
			 || test ! -s conftest.err
configure:4614: $? = 0
configure:4617: test -s conftest.o
configure:4620: $? = 0
configure:4631: result: yes
configure:4585: checking for unistd.h
configure:4601: cc -c -g -O2  conftest.c >&5
configure:4607: $? = 0
configure:4611: test -z 
			 || test ! -s conftest.err
configure:4614: $? = 0
configure:4617: test -s conftest.o
configure:4620: $? = 0
configure:4631: result: yes
configure:4657: checking dlfcn.h usability
configure:4669: cc -c -g -O2  conftest.c >&5
configure:4675: $? = 0
configure:4679: test -z 
			 || test ! -s conftest.err
configure:4682: $? = 0
configure:4685: test -s conftest.o
configure:4688: $? = 0
configure:4698: result: yes
configure:4702: checking dlfcn.h presence
configure:4712: cc -E  conftest.c
configure:4718: $? = 0
configure:4738: result: yes
configure:4773: checking for dlfcn.h
configure:4780: result: yes
configure:4805: checking the maximum length of command line arguments
configure:4917: result: 98304
configure:4929: checking command to parse /usr/bin/nm -B output from cc object
configure:5034: cc -c -g -O2  conftest.c >&5
configure:5037: $? = 0
configure:5041: /usr/bin/nm -B conftest.o \| sed -n -e 's/^.*[ 	]\([ABCDGIRSTW][ABCDGIRSTW]*\)[ 	][ 	]*\([_A-Za-z][_A-Za-z0-9]*\)$/\1 \2 \2/p' \> conftest.nm
configure:5044: $? = 0
configure:5096: cc -o conftest -g -O2   conftest.c conftstm.o >&5
configure:5099: $? = 0
configure:5137: result: ok
configure:5141: checking for objdir
configure:5156: result: .libs
configure:5246: checking for ar
configure:5262: found /usr/bin/ar
configure:5273: result: ar
configure:5326: checking for ranlib
configure:5342: found /usr/bin/ranlib
configure:5353: result: ranlib
configure:5406: checking for strip
configure:5422: found /usr/bin/strip
configure:5433: result: strip
configure:5969: checking if cc supports -fno-rtti -fno-exceptions
configure:5987: cc -c -g -O2  -fno-rtti -fno-exceptions conftest.c >&5
cc1: warning: command line option "-fno-rtti" is valid for C++/ObjC++ but not for C
configure:5991: $? = 0
configure:6004: result: no
configure:6019: checking for cc option to produce PIC
configure:6259: result: -fPIC
configure:6267: checking if cc PIC flag -fPIC works
configure:6285: cc -c -g -O2  -fPIC -DPIC conftest.c >&5
configure:6289: $? = 0
configure:6302: result: yes
configure:6330: checking if cc static flag -static works
configure:6358: result: yes
configure:6368: checking if cc supports -c -o file.o
configure:6389: cc -c -g -O2  -o out/conftest2.o conftest.c >&5
configure:6393: $? = 0
configure:6415: result: yes
configure:6441: checking whether the cc linker (/usr/bin/ld -m elf_x86_64) supports shared libraries
configure:7373: result: yes
configure:7394: checking whether -lc should be explicitly linked in
configure:7399: cc -c -g -O2  conftest.c >&5
configure:7402: $? = 0
configure:7417: cc -shared conftest.o  -v -Wl,-soname -Wl,conftest -o conftest 2\>\&1 \| grep  -lc  \>/dev/null 2\>\&1
configure:7420: $? = 0
configure:7432: result: no
configure:7440: checking dynamic linker characteristics
configure:8042: result: GNU/Linux ld.so
configure:8066: checking how to hardcode library paths into programs
configure:8091: result: immediate
configure:8105: checking whether stripping libraries is possible
configure:8110: result: yes
configure:8945: checking if libtool supports shared libraries
configure:8947: result: yes
configure:8950: checking whether to build shared libraries
configure:8971: result: yes
configure:8974: checking whether to build static libraries
configure:8978: result: no
configure:9073: result:
creating libtool
configure:12768: creating ./config.status

## ---------------------- ##
## Running config.status. ##
## ---------------------- ##

This file was extended by config.status, which was
generated by GNU Autoconf 2.59.  Invocation command line was

  CONFIG_FILES    = 
  CONFIG_HEADERS  = 
  CONFIG_LINKS    = 
  CONFIG_COMMANDS = 
  $ ./config.status 

on lxomp11m

config.status:454: creating config.h

## ---------------- ##
## Cache variables. ##
## ---------------- ##

ac_cv_build=x86_64-unknown-linux-gnu
ac_cv_build_alias=x86_64-unknown-linux-gnu
ac_cv_c_compiler_gnu=yes
ac_cv_env_CC_set=
ac_cv_env_CC_value=
ac_cv_env_CFLAGS_set=
ac_cv_env_CFLAGS_value=
ac_cv_env_CPPFLAGS_set=
ac_cv_env_CPPFLAGS_value=
ac_cv_env_CPP_set=
ac_cv_env_CPP_value=
ac_cv_env_LDFLAGS_set=
ac_cv_env_LDFLAGS_value=
ac_cv_env_build_alias_set=
ac_cv_env_build_alias_value=
ac_cv_env_host_alias_set=
ac_cv_env_host_alias_value=
ac_cv_env_target_alias_set=
ac_cv_env_target_alias_value=
ac_cv_exeext=
ac_cv_header_dlfcn_h=yes
ac_cv_header_inttypes_h=yes
ac_cv_header_memory_h=yes
ac_cv_header_stdc=yes
ac_cv_header_stdint_h=yes
ac_cv_header_stdlib_h=yes
ac_cv_header_string_h=yes
ac_cv_header_strings_h=yes
ac_cv_header_sys_stat_h=yes
ac_cv_header_sys_types_h=yes
ac_cv_header_unistd_h=yes
ac_cv_host=x86_64-unknown-linux-gnu
ac_cv_host_alias=x86_64-unknown-linux-gnu
ac_cv_objext=o
ac_cv_prog_AWK=gawk
ac_cv_prog_CPP='cc -E'
ac_cv_prog_ac_ct_AR=ar
ac_cv_prog_ac_ct_CC=cc
ac_cv_prog_ac_ct_RANLIB=ranlib
ac_cv_prog_ac_ct_STRIP=strip
ac_cv_prog_cc_cc_c_o=yes
ac_cv_prog_cc_g=yes
ac_cv_prog_cc_stdc=
ac_cv_prog_egrep='grep -E'
ac_cv_target=x86_64-unknown-linux-gnu
ac_cv_target_alias=x86_64-unknown-linux-gnu
lt_cv_deplibs_check_method=pass_all
lt_cv_file_magic_cmd='$MAGIC_CMD'
lt_cv_file_magic_test_file=
lt_cv_ld_reload_flag=-r
lt_cv_objdir=.libs
lt_cv_path_LD=/usr/bin/ld
lt_cv_path_NM='/usr/bin/nm -B'
lt_cv_path_SED=/bin/sed
lt_cv_prog_compiler_c_o=yes
lt_cv_prog_compiler_pic_works=yes
lt_cv_prog_compiler_rtti_exceptions=no
lt_cv_prog_compiler_static_works=yes
lt_cv_prog_gnu_ld=yes
lt_cv_sys_global_symbol_pipe='sed -n -e '\''s/^.*[ 	]\([ABCDGIRSTW][ABCDGIRSTW]*\)[ 	][ 	]*\([_A-Za-z][_A-Za-z0-9]*\)$/\1 \2 \2/p'\'''
lt_cv_sys_global_symbol_to_c_name_address='sed -n -e '\''s/^: \([^ ]*\) $/  {\"\1\", (lt_ptr) 0},/p'\'' -e '\''s/^[BCDEGRST] \([^ ]*\) \([^ ]*\)$/  {"\2", (lt_ptr) \&\2},/p'\'''
lt_cv_sys_global_symbol_to_cdecl='sed -n -e '\''s/^. .* \(.*\)$/extern int \1;/p'\'''
lt_cv_sys_lib_dlsearch_path_spec='/lib /usr/lib /opt/ibm/icc/cimom/lib /usr/lib64/xulrunner '
lt_cv_sys_lib_search_path_spec='/usr/lib/gcc/x86_64-redhat-linux/4.1.2 /usr/lib64 /lib64'
lt_cv_sys_max_cmd_len=98304
lt_lt_cv_prog_compiler_c_o='"yes"'
lt_lt_cv_sys_global_symbol_pipe='"sed -n -e '\''s/^.*[ 	]\\([ABCDGIRSTW][ABCDGIRSTW]*\\)[ 	][ 	]*\\([_A-Za-z][_A-Za-z0-9]*\\)\$/\\1 \\2 \\2/p'\''"'
lt_lt_cv_sys_global_symbol_to_c_name_address='"sed -n -e '\''s/^: \\([^ ]*\\) \$/  {\\\"\\1\\\", (lt_ptr) 0},/p'\'' -e '\''s/^[BCDEGRST] \\([^ ]*\\) \\([^ ]*\\)\$/  {\"\\2\", (lt_ptr) \\&\\2},/p'\''"'
lt_lt_cv_sys_global_symbol_to_cdecl='"sed -n -e '\''s/^. .* \\(.*\\)\$/extern int \\1;/p'\''"'
php_cv_cc_dashr=no
php_cv_cc_rpath=yes

## ----------------- ##
## Output variables. ##
## ----------------- ##

AR='ar'
AWK='gawk'
CC='cc'
CFLAGS='-g -O2'
CONFIGURE_COMMAND=' 'configure'  '--with-php-config=/ibm/apache/php/bin/php-config''
CONFIGURE_OPTIONS=' '--with-php-config=/ibm/apache/php/bin/php-config''
CPP='cc -E'
CPPFLAGS=' -DHAVE_CONFIG_H'
DEFS='-DHAVE_CONFIG_H'
DSYMUTIL=''
ECHO='echo'
ECHO_C=''
ECHO_N='-n'
ECHO_T=''
EGREP='grep -E'
EXEEXT=''
LDFLAGS=''
LIBOBJS=''
LIBS=''
LIBTOOL='$(SHELL) $(top_builddir)/libtool'
LN_S='ln -s'
LTLIBOBJS=''
NMEDIT=''
OBJEXT='o'
PACKAGE_BUGREPORT=''
PACKAGE_NAME=''
PACKAGE_STRING=''
PACKAGE_TARNAME=''
PACKAGE_VERSION=''
PATH_SEPARATOR=':'
RANLIB='ranlib'
RE2C='exit 0;'
SED='/bin/sed'
SHELL='/bin/sh'
SHLIB_DL_SUFFIX_NAME='so'
SHLIB_SUFFIX_NAME='so'
STRIP='strip'
ac_ct_AR='ar'
ac_ct_CC='cc'
ac_ct_DSYMUTIL=''
ac_ct_NMEDIT=''
ac_ct_RANLIB='ranlib'
ac_ct_STRIP='strip'
bindir='${exec_prefix}/bin'
build='x86_64-unknown-linux-gnu'
build_alias=''
build_cpu='x86_64'
build_os='linux-gnu'
build_vendor='unknown'
datadir='${prefix}/share'
exec_prefix='$(prefix)'
host='x86_64-unknown-linux-gnu'
host_alias='x86_64-unknown-linux-gnu'
host_cpu='x86_64'
host_os='linux-gnu'
host_vendor='unknown'
includedir='${prefix}/include'
infodir='${prefix}/info'
libdir='${exec_prefix}/lib'
libexecdir='${exec_prefix}/libexec'
localstatedir='${prefix}/var'
mandir='${prefix}/man'
oldincludedir='/usr/include'
prefix='/ibm/apache/php'
program_transform_name='s,x,x,'
sbindir='${exec_prefix}/sbin'
sharedstatedir='${prefix}/com'
sysconfdir='${prefix}/etc'
target='x86_64-unknown-linux-gnu'
target_alias=''
target_cpu='x86_64'
target_os='linux-gnu'
target_vendor='unknown'

## ----------- ##
## confdefs.h. ##
## ----------- ##

#define COMPILE_DL_MAILPARSE 1
#define HAVE_DLFCN_H 1
#define HAVE_INTTYPES_H 1
#define HAVE_MEMORY_H 1
#define HAVE_STDINT_H 1
#define HAVE_STDLIB_H 1
#define HAVE_STRINGS_H 1
#define HAVE_STRING_H 1
#define HAVE_SYS_STAT_H 1
#define HAVE_SYS_TYPES_H 1
#define HAVE_UNISTD_H 1
#define PACKAGE_BUGREPORT ""
#define PACKAGE_NAME ""
#define PACKAGE_STRING ""
#define PACKAGE_TARNAME ""
#define PACKAGE_VERSION ""
#define STDC_HEADERS 1

configure: exit 0
